
> study-panel@0.0.0 build
> tsc -b && vite build

src/features/calendar/Calendar.tsx(167,25): error TS2322: Type '{ key: string; date: Date; events: { reviews: any[]; intros: any[]; projected: any[]; tasks: any[]; goals: any[]; }; onCompleteReview: (subthemeId: string, reviewNumber?: number | undefined, type?: "review" | "intro" | undefined, difficulty?: "medium" | ... 2 more ... | undefined, summary?: string | undefined) => Pr...' is not assignable to type 'IntrinsicAttributes & DayDetailsProps'.
  Property 'onCompleteReview' does not exist on type 'IntrinsicAttributes & DayDetailsProps'.
src/features/calendar/components/DayDetails.tsx(78,47): error TS2345: Argument of type '{ message: string; isDangerous: true; }' is not assignable to parameter of type 'ConfirmOptions'.
  Property 'title' is missing in type '{ message: string; isDangerous: true; }' but required in type 'ConfirmOptions'.
src/features/calendar/components/DayDetails.tsx(257,75): error TS2345: Argument of type '{ message: string; isDangerous: true; confirmText: string; cancelText: string; }' is not assignable to parameter of type 'ConfirmOptions'.
  Property 'title' is missing in type '{ message: string; isDangerous: true; confirmText: string; cancelText: string; }' but required in type 'ConfirmOptions'.
src/features/calendar/components/DayDetails.tsx(303,79): error TS2345: Argument of type '{ message: string; isDangerous: true; confirmText: string; cancelText: string; }' is not assignable to parameter of type 'ConfirmOptions'.
  Property 'title' is missing in type '{ message: string; isDangerous: true; confirmText: string; cancelText: string; }' but required in type 'ConfirmOptions'.
src/features/dashboard/CalendarWidget.tsx(213,25): error TS2322: Type '{ events: { reviews: CalendarReviewItem[]; tasks: CalendarTaskItem[]; goals: CalendarGoalItem[]; projected: any[]; }; date: Date; ... 6 more ...; onDeleteGoal: (goalId: string) => void; }' is not assignable to type 'IntrinsicAttributes & DayDetailsProps'.
  Property 'onCompleteReview' does not exist on type 'IntrinsicAttributes & DayDetailsProps'.
src/features/dashboard/hooks/useMissionLogic.ts(235,27): error TS2339: Property 'deadline' does not exist on type 'GoalItem'.
src/features/dashboard/hooks/useMissionLogic.ts(236,43): error TS2339: Property 'deadline' does not exist on type 'GoalItem'.
src/features/dashboard/TodayMissionModal.tsx(817,14): error TS2741: Property 'onSave' is missing in type '{ isOpen: boolean; onClose: () => void; subtheme: Subtheme; }' but required in type 'StudyContentModalProps'.
src/features/goals/components/GoalDetailsModal.tsx(123,64): error TS18048: 'a.order' is possibly 'undefined'.
src/features/goals/components/GoalDetailsModal.tsx(123,74): error TS18048: 'b.order' is possibly 'undefined'.
src/features/goals/components/GoalDetailsModal.tsx(150,50): error TS18048: 'item.durationDays' is possibly 'undefined'.
src/features/goals/components/GoalDetailsModal.tsx(155,55): error TS2339: Property 'deadline' does not exist on type 'GoalItem'.
src/features/goals/components/GoalDetailsModal.tsx(157,116): error TS2339: Property 'deadline' does not exist on type 'GoalItem'.
src/features/lists/TaskList.tsx(40,28): error TS2339: Property 'deadline' does not exist on type 'GoalItem'.
src/features/lists/TaskList.tsx(114,65): error TS2339: Property 'startDate' does not exist on type 'Task | { id: string; title: string; status: string; createdAt: number; type: string; goalId: string; priority: Priority | undefined; imageUrl: undefined; color: string | undefined; ... 5 more ...; notes?: string | undefined; }'.
  Property 'startDate' does not exist on type '{ id: string; title: string; status: string; createdAt: number; type: string; goalId: string; priority: Priority | undefined; imageUrl: undefined; color: string | undefined; date: any; ... 4 more ...; notes?: string | undefined; }'.
src/features/lists/TaskList.tsx(114,82): error TS2339: Property 'startDate' does not exist on type 'Task | { id: string; title: string; status: string; createdAt: number; type: string; goalId: string; priority: Priority | undefined; imageUrl: undefined; color: string | undefined; ... 5 more ...; notes?: string | undefined; }'.
  Property 'startDate' does not exist on type '{ id: string; title: string; status: string; createdAt: number; type: string; goalId: string; priority: Priority | undefined; imageUrl: undefined; color: string | undefined; date: any; ... 4 more ...; notes?: string | undefined; }'.
src/features/lists/TaskList.tsx(153,90): error TS2339: Property 'completionHistory' does not exist on type 'Task | { id: string; title: string; status: string; createdAt: number; type: string; goalId: string; priority: Priority | undefined; imageUrl: undefined; color: string | undefined; ... 5 more ...; notes?: string | undefined; }'.
  Property 'completionHistory' does not exist on type '{ id: string; title: string; status: string; createdAt: number; type: string; goalId: string; priority: Priority | undefined; imageUrl: undefined; color: string | undefined; date: any; ... 4 more ...; notes?: string | undefined; }'.
src/features/lists/TaskList.tsx(166,90): error TS2339: Property 'completionHistory' does not exist on type 'Task | { id: string; title: string; status: string; createdAt: number; type: string; goalId: string; priority: Priority | undefined; imageUrl: undefined; color: string | undefined; ... 5 more ...; notes?: string | undefined; }'.
  Property 'completionHistory' does not exist on type '{ id: string; title: string; status: string; createdAt: number; type: string; goalId: string; priority: Priority | undefined; imageUrl: undefined; color: string | undefined; date: any; ... 4 more ...; notes?: string | undefined; }'.
src/features/lists/TaskList.tsx(218,85): error TS2339: Property 'startDate' does not exist on type 'Task | { id: string; title: string; status: string; createdAt: number; type: string; goalId: string; priority: Priority | undefined; imageUrl: undefined; color: string | undefined; ... 5 more ...; notes?: string | undefined; }'.
  Property 'startDate' does not exist on type '{ id: string; title: string; status: string; createdAt: number; type: string; goalId: string; priority: Priority | undefined; imageUrl: undefined; color: string | undefined; date: any; ... 4 more ...; notes?: string | undefined; }'.
src/features/lists/TaskList.tsx(220,97): error TS2339: Property 'startDate' does not exist on type 'Task | { id: string; title: string; status: string; createdAt: number; type: string; goalId: string; priority: Priority | undefined; imageUrl: undefined; color: string | undefined; ... 5 more ...; notes?: string | undefined; }'.
  Property 'startDate' does not exist on type '{ id: string; title: string; status: string; createdAt: number; type: string; goalId: string; priority: Priority | undefined; imageUrl: undefined; color: string | undefined; date: any; ... 4 more ...; notes?: string | undefined; }'.
src/features/lists/TaskList.tsx(223,85): error TS2339: Property 'endDate' does not exist on type 'Task | { id: string; title: string; status: string; createdAt: number; type: string; goalId: string; priority: Priority | undefined; imageUrl: undefined; color: string | undefined; ... 5 more ...; notes?: string | undefined; }'.
  Property 'endDate' does not exist on type '{ id: string; title: string; status: string; createdAt: number; type: string; goalId: string; priority: Priority | undefined; imageUrl: undefined; color: string | undefined; date: any; ... 4 more ...; notes?: string | undefined; }'.
src/features/lists/TaskList.tsx(224,106): error TS2339: Property 'endDate' does not exist on type 'Task | { id: string; title: string; status: string; createdAt: number; type: string; goalId: string; priority: Priority | undefined; imageUrl: undefined; color: string | undefined; ... 5 more ...; notes?: string | undefined; }'.
  Property 'endDate' does not exist on type '{ id: string; title: string; status: string; createdAt: number; type: string; goalId: string; priority: Priority | undefined; imageUrl: undefined; color: string | undefined; date: any; ... 4 more ...; notes?: string | undefined; }'.
src/features/lists/TaskList.tsx(225,94): error TS2339: Property 'endDate' does not exist on type 'Task | { id: string; title: string; status: string; createdAt: number; type: string; goalId: string; priority: Priority | undefined; imageUrl: undefined; color: string | undefined; ... 5 more ...; notes?: string | undefined; }'.
  Property 'endDate' does not exist on type '{ id: string; title: string; status: string; createdAt: number; type: string; goalId: string; priority: Priority | undefined; imageUrl: undefined; color: string | undefined; date: any; ... 4 more ...; notes?: string | undefined; }'.
src/features/lists/TaskList.tsx(243,93): error TS2339: Property 'startDate' does not exist on type 'Task | { id: string; title: string; status: string; createdAt: number; type: string; goalId: string; priority: Priority | undefined; imageUrl: undefined; color: string | undefined; ... 5 more ...; notes?: string | undefined; }'.
  Property 'startDate' does not exist on type '{ id: string; title: string; status: string; createdAt: number; type: string; goalId: string; priority: Priority | undefined; imageUrl: undefined; color: string | undefined; date: any; ... 4 more ...; notes?: string | undefined; }'.
src/features/lists/TaskList.tsx(243,110): error TS2339: Property 'startDate' does not exist on type 'Task | { id: string; title: string; status: string; createdAt: number; type: string; goalId: string; priority: Priority | undefined; imageUrl: undefined; color: string | undefined; ... 5 more ...; notes?: string | undefined; }'.
  Property 'startDate' does not exist on type '{ id: string; title: string; status: string; createdAt: number; type: string; goalId: string; priority: Priority | undefined; imageUrl: undefined; color: string | undefined; date: any; ... 4 more ...; notes?: string | undefined; }'.
src/features/pomodoro/PomodoroWidget.tsx(31,51): error TS2345: Argument of type '{ message: string; isDangerous: true; }' is not assignable to parameter of type 'ConfirmOptions'.
  Property 'title' is missing in type '{ message: string; isDangerous: true; }' but required in type 'ConfirmOptions'.
src/features/settings/Settings.tsx(29,51): error TS2345: Argument of type '{}' is not assignable to parameter of type 'SetStateAction<string>'.
src/features/settings/Settings.tsx(30,47): error TS2345: Argument of type '{}' is not assignable to parameter of type 'SetStateAction<string>'.
src/features/settings/Settings.tsx(80,45): error TS2322: Type 'unknown' is not assignable to type 'string | undefined'.
