{"numTotalTestSuites":8,"numPassedTestSuites":5,"numFailedTestSuites":3,"numPendingTestSuites":0,"numTotalTests":12,"numPassedTests":11,"numFailedTests":1,"numPendingTests":0,"numTodoTests":0,"snapshot":{"added":0,"failure":false,"filesAdded":0,"filesRemoved":0,"filesRemovedList":[],"filesUnmatched":0,"filesUpdated":0,"matched":0,"total":0,"unchecked":0,"uncheckedKeysByFile":[],"unmatched":0,"updated":0,"didUpdate":false},"startTime":1767493517136,"success":false,"testResults":[{"assertionResults":[{"ancestorTitles":["SyncQueueService","loadQueue & saveQueue"],"fullName":"SyncQueueService loadQueue & saveQueue should load an empty queue if nothing is in localStorage","status":"passed","title":"should load an empty queue if nothing is in localStorage","duration":7.223999999999933,"failureMessages":[],"meta":{}},{"ancestorTitles":["SyncQueueService","loadQueue & saveQueue"],"fullName":"SyncQueueService loadQueue & saveQueue should save and load queue correctly","status":"passed","title":"should save and load queue correctly","duration":2.1392000000000735,"failureMessages":[],"meta":{}},{"ancestorTitles":["SyncQueueService","loadQueue & saveQueue"],"fullName":"SyncQueueService loadQueue & saveQueue should clear queue when clearQueue is called","status":"passed","title":"should clear queue when clearQueue is called","duration":0.9039000000000215,"failureMessages":[],"meta":{}},{"ancestorTitles":["SyncQueueService","enqueue & limits"],"fullName":"SyncQueueService enqueue & limits should add operations and trigger processing","status":"passed","title":"should add operations and trigger processing","duration":2.1884000000000015,"failureMessages":[],"meta":{}},{"ancestorTitles":["SyncQueueService","enqueue & limits"],"fullName":"SyncQueueService enqueue & limits should enforce MAX_QUEUE_SIZE (100)","status":"passed","title":"should enforce MAX_QUEUE_SIZE (100)","duration":11.570299999999861,"failureMessages":[],"meta":{}},{"ancestorTitles":["SyncQueueService","Batch Processing"],"fullName":"SyncQueueService Batch Processing should group multiple ADD operations into a single batch insert","status":"passed","title":"should group multiple ADD operations into a single batch insert","duration":2.004799999999932,"failureMessages":[],"meta":{}},{"ancestorTitles":["SyncQueueService","Batch Processing"],"fullName":"SyncQueueService Batch Processing should handle partial batch success/failure correctly","status":"passed","title":"should handle partial batch success/failure correctly","duration":1.3640000000000327,"failureMessages":[],"meta":{}},{"ancestorTitles":["SyncQueueService","Retry Logic & Backoff"],"fullName":"SyncQueueService Retry Logic & Backoff should increment retryCount and set nextRetryTime on failure","status":"passed","title":"should increment retryCount and set nextRetryTime on failure","duration":7.598099999999931,"failureMessages":[],"meta":{}},{"ancestorTitles":["SyncQueueService","Retry Logic & Backoff"],"fullName":"SyncQueueService Retry Logic & Backoff should drop operation after MAX_RETRIES (5)","status":"passed","title":"should drop operation after MAX_RETRIES (5)","duration":7.678699999999935,"failureMessages":[],"meta":{}},{"ancestorTitles":["SyncQueueService","Fatal Errors"],"fullName":"SyncQueueService Fatal Errors should drop operation immediately for fatal errors (e.g. Unique Violation)","status":"passed","title":"should drop operation immediately for fatal errors (e.g. Unique Violation)","duration":2.5924999999999727,"failureMessages":[],"meta":{}},{"ancestorTitles":["SyncQueueService","Status & Subscriptions"],"fullName":"SyncQueueService Status & Subscriptions should notify listeners on status change","status":"passed","title":"should notify listeners on status change","duration":2.173200000000179,"failureMessages":[],"meta":{}},{"ancestorTitles":["SyncQueueService","Status & Subscriptions"],"fullName":"SyncQueueService Status & Subscriptions should show \"error\" status if persistent retries exist","status":"failed","title":"should show \"error\" status if persistent retries exist","duration":6.369899999999916,"failureMessages":["AssertionError: expected 'syncing' to be 'error' // Object.is equality\n    at C:/Users/luizf/antigraty/study-panel/src/services/SyncQueueService.test.ts:230:50\n    at processTicksAndRejections (node:internal/process/task_queues:105:5)\n    at file:///C:/Users/luizf/antigraty/study-panel/node_modules/@vitest/runner/dist/index.js:915:20"],"meta":{}}],"startTime":1767493518650,"endTime":1767493518704.3699,"status":"failed","message":"","name":"C:/Users/luizf/antigraty/study-panel/src/services/SyncQueueService.test.ts"}]}